Determining if the pthread_create exist failed with the following output:
Change Dir: /home/evan/cs/Ray-Tracer/mp1/include/CMakeFiles/CMakeTmp

Run Build Command:"/usr/bin/make" "cmTC_799b1/fast"
/usr/bin/make -f CMakeFiles/cmTC_799b1.dir/build.make CMakeFiles/cmTC_799b1.dir/build
make[1]: Entering directory '/home/evan/cs/Ray-Tracer/mp1/include/CMakeFiles/CMakeTmp'
Building CXX object CMakeFiles/cmTC_799b1.dir/CheckSymbolExists.cxx.o
/usr/bin/c++     -o CMakeFiles/cmTC_799b1.dir/CheckSymbolExists.cxx.o -c /home/evan/cs/Ray-Tracer/mp1/include/CMakeFiles/CMakeTmp/CheckSymbolExists.cxx
Linking CXX executable cmTC_799b1
/usr/bin/cmake -E cmake_link_script CMakeFiles/cmTC_799b1.dir/link.txt --verbose=1
/usr/bin/c++       CMakeFiles/cmTC_799b1.dir/CheckSymbolExists.cxx.o  -o cmTC_799b1 
CMakeFiles/cmTC_799b1.dir/CheckSymbolExists.cxx.o: In function `main':
CheckSymbolExists.cxx:(.text+0x1b): undefined reference to `pthread_create'
collect2: error: ld returned 1 exit status
make[1]: *** [CMakeFiles/cmTC_799b1.dir/build.make:98: cmTC_799b1] Error 1
make[1]: Leaving directory '/home/evan/cs/Ray-Tracer/mp1/include/CMakeFiles/CMakeTmp'
make: *** [Makefile:126: cmTC_799b1/fast] Error 2

File /home/evan/cs/Ray-Tracer/mp1/include/CMakeFiles/CMakeTmp/CheckSymbolExists.cxx:
/* */
#include <pthread.h>

int main(int argc, char** argv)
{
  (void)argv;
#ifndef pthread_create
  return ((int*)(&pthread_create))[argc];
#else
  (void)argc;
  return 0;
#endif
}

Determining if the function pthread_create exists in the pthreads failed with the following output:
Change Dir: /home/evan/cs/Ray-Tracer/mp1/include/CMakeFiles/CMakeTmp

Run Build Command:"/usr/bin/make" "cmTC_095cb/fast"
/usr/bin/make -f CMakeFiles/cmTC_095cb.dir/build.make CMakeFiles/cmTC_095cb.dir/build
make[1]: Entering directory '/home/evan/cs/Ray-Tracer/mp1/include/CMakeFiles/CMakeTmp'
Building CXX object CMakeFiles/cmTC_095cb.dir/CheckFunctionExists.cxx.o
/usr/bin/c++    -DCHECK_FUNCTION_EXISTS=pthread_create   -o CMakeFiles/cmTC_095cb.dir/CheckFunctionExists.cxx.o -c /home/evan/cs/Ray-Tracer/mp1/include/CMakeFiles/CheckLibraryExists/CheckFunctionExists.cxx
Linking CXX executable cmTC_095cb
/usr/bin/cmake -E cmake_link_script CMakeFiles/cmTC_095cb.dir/link.txt --verbose=1
/usr/bin/c++   -DCHECK_FUNCTION_EXISTS=pthread_create    CMakeFiles/cmTC_095cb.dir/CheckFunctionExists.cxx.o  -o cmTC_095cb -lpthreads 
/usr/bin/ld: cannot find -lpthreads
collect2: error: ld returned 1 exit status
make[1]: *** [CMakeFiles/cmTC_095cb.dir/build.make:98: cmTC_095cb] Error 1
make[1]: Leaving directory '/home/evan/cs/Ray-Tracer/mp1/include/CMakeFiles/CMakeTmp'
make: *** [Makefile:126: cmTC_095cb/fast] Error 2


